<?xml version="1.0" encoding="UTF-8"?>
<!-- Generated by org.testng.reporters.JUnitReportReporter -->
<testsuite skipped="0" hostname="DESKTOP-C4LC40M" name="TestLayer.LoginPageTest" tests="1" failures="0" timestamp="2023-03-10T00:48:38 IST" time="19.361" errors="0">
  <testcase name="validateLoginFunctionality" time="19.361" classname="TestLayer.LoginPageTest"/>
  <system-out/>
</testsuite> <!-- TestLayer.LoginPageTest -->
