<?xml version="1.0" encoding="UTF-8"?>
<!-- Generated by org.testng.reporters.JUnitReportReporter -->
<testsuite skipped="0" hostname="DESKTOP-C4LC40M" name="TestLayer.LoginPageTest" tests="1" failures="0" timestamp="2023-03-09T23:57:37 IST" time="26.673" errors="0">
  <testcase name="validateLoginFunctionality" time="26.673" classname="TestLayer.LoginPageTest"/>
  <system-out/>
</testsuite> <!-- TestLayer.LoginPageTest -->
